c:\users\bbruno\documents\visual studio 2022\openvct\xplraytracing\trunk\x64\gpu_release\xplraytracing.pdb
c:\users\bbruno\documents\visual studio 2022\openvct\xplraytracing\trunk\xplraytracing\x64\gpu_release\xplraytracing.obj
c:\users\bbruno\documents\visual studio 2022\openvct\xplraytracing\trunk\xplraytracing\x64\gpu_release\vector.obj
c:\users\bbruno\documents\visual studio 2022\openvct\xplraytracing\trunk\xplraytracing\x64\gpu_release\spectrum_w_tasmip.obj
c:\users\bbruno\documents\visual studio 2022\openvct\xplraytracing\trunk\xplraytracing\x64\gpu_release\spectrum_w_new_pol_withtails.obj
c:\users\bbruno\documents\visual studio 2022\openvct\xplraytracing\trunk\xplraytracing\x64\gpu_release\spectrum_rh_extrapolated.obj
c:\users\bbruno\documents\visual studio 2022\openvct\xplraytracing\trunk\xplraytracing\x64\gpu_release\spectrum_mo_extrapolated.obj
c:\users\bbruno\documents\visual studio 2022\openvct\xplraytracing\trunk\xplraytracing\x64\gpu_release\simulationocl.obj
c:\users\bbruno\documents\visual studio 2022\openvct\xplraytracing\trunk\xplraytracing\x64\gpu_release\simulationcpu.obj
c:\users\bbruno\documents\visual studio 2022\openvct\xplraytracing\trunk\xplraytracing\x64\gpu_release\simulation.obj
c:\users\bbruno\documents\visual studio 2022\openvct\xplraytracing\trunk\xplraytracing\x64\gpu_release\readphantom.obj
c:\users\bbruno\documents\visual studio 2022\openvct\xplraytracing\trunk\xplraytracing\x64\gpu_release\ray.obj
c:\users\bbruno\documents\visual studio 2022\openvct\xplraytracing\trunk\xplraytracing\x64\gpu_release\pugixml.obj
c:\users\bbruno\documents\visual studio 2022\openvct\xplraytracing\trunk\xplraytracing\x64\gpu_release\machine.obj
c:\users\bbruno\documents\visual studio 2022\openvct\xplraytracing\trunk\xplraytracing\x64\gpu_release\labelmap.obj
c:\users\bbruno\documents\visual studio 2022\openvct\xplraytracing\trunk\xplraytracing\x64\gpu_release\detector.obj
c:\users\bbruno\documents\visual studio 2022\openvct\xplraytracing\trunk\xplraytracing\x64\gpu_release\boonematerialtable.obj
c:\users\bbruno\documents\visual studio 2022\openvct\xplraytracing\trunk\xplraytracing\x64\gpu_release\boonecoefficienttable.obj
c:\users\bbruno\documents\visual studio 2022\openvct\xplraytracing\trunk\xplraytracing\x64\gpu_release\boonecoefficients.obj
c:\users\bbruno\documents\visual studio 2022\openvct\xplraytracing\trunk\xplraytracing\x64\gpu_release\attenuationtable.obj
c:\users\bbruno\documents\visual studio 2022\openvct\xplraytracing\trunk\xplraytracing\x64\gpu_release\acquisition.obj
c:\users\bbruno\documents\visual studio 2022\openvct\xplraytracing\trunk\xplraytracing\x64\gpu_release\xraytube.obj
c:\users\bbruno\documents\visual studio 2022\openvct\xplraytracing\trunk\x64\gpu_release\xplraytracing.lib
c:\users\bbruno\documents\visual studio 2022\openvct\xplraytracing\trunk\xplraytracing\x64\gpu_release\xplraytracing.tlog\cl.command.1.tlog
c:\users\bbruno\documents\visual studio 2022\openvct\xplraytracing\trunk\xplraytracing\x64\gpu_release\xplraytracing.tlog\cl.items.tlog
c:\users\bbruno\documents\visual studio 2022\openvct\xplraytracing\trunk\xplraytracing\x64\gpu_release\xplraytracing.tlog\cl.read.1.tlog
c:\users\bbruno\documents\visual studio 2022\openvct\xplraytracing\trunk\xplraytracing\x64\gpu_release\xplraytracing.tlog\cl.write.1.tlog
c:\users\bbruno\documents\visual studio 2022\openvct\xplraytracing\trunk\xplraytracing\x64\gpu_release\xplraytracing.tlog\lib-link.read.1.tlog
c:\users\bbruno\documents\visual studio 2022\openvct\xplraytracing\trunk\xplraytracing\x64\gpu_release\xplraytracing.tlog\lib-link.write.1.tlog
c:\users\bbruno\documents\visual studio 2022\openvct\xplraytracing\trunk\xplraytracing\x64\gpu_release\xplraytracing.tlog\lib.command.1.tlog
